INFO 2025-07-01 15:34:03,750 autoreload 18440 21488 Watching for file changes with StatReloader
INFO 2025-07-01 15:34:17,145 basehttp 18440 14908 "GET /api/movies/ HTTP/1.1" 200 382
INFO 2025-07-01 15:34:17,151 basehttp 18440 14908 "GET /api/movies/ HTTP/1.1" 200 382
INFO 2025-07-01 15:34:23,609 basehttp 18440 14908 "GET /api/movies/1/ HTTP/1.1" 200 199
INFO 2025-07-01 15:34:23,618 basehttp 18440 14908 "GET /api/movies/1/ HTTP/1.1" 200 199
INFO 2025-07-01 15:34:23,622 basehttp 18440 3216 "GET /api/showtimes/ HTTP/1.1" 200 628
INFO 2025-07-01 15:34:23,635 basehttp 18440 3216 "GET /api/showtimes/ HTTP/1.1" 200 628
INFO 2025-07-01 15:34:38,006 basehttp 18440 3216 "GET /api/movies/ HTTP/1.1" 200 382
INFO 2025-07-01 15:34:38,011 basehttp 18440 3216 "GET /api/movies/ HTTP/1.1" 200 382
INFO 2025-07-01 15:34:48,010 basehttp 18440 3216 "GET /api/movies/ HTTP/1.1" 200 382
INFO 2025-07-01 15:34:48,013 basehttp 18440 3216 "GET /api/movies/ HTTP/1.1" 200 382
INFO 2025-07-01 15:37:09,130 basehttp 18440 2112 "GET /api/movies/ HTTP/1.1" 200 382
INFO 2025-07-01 15:37:09,134 basehttp 18440 2112 "GET /api/movies/ HTTP/1.1" 200 382
INFO 2025-07-01 15:37:14,009 basehttp 18440 2112 "GET /api/movies/1/ HTTP/1.1" 200 199
INFO 2025-07-01 15:37:14,015 basehttp 18440 20716 "GET /api/showtimes/ HTTP/1.1" 200 628
INFO 2025-07-01 15:37:14,019 basehttp 18440 2112 "GET /api/movies/1/ HTTP/1.1" 200 199
INFO 2025-07-01 15:37:14,024 basehttp 18440 20716 "GET /api/showtimes/ HTTP/1.1" 200 628
INFO 2025-07-01 15:37:29,969 basehttp 18440 20716 "OPTIONS /api/token/ HTTP/1.1" 200 0
INFO 2025-07-01 15:37:30,367 basehttp 18440 20716 "POST /api/token/ HTTP/1.1" 200 483
INFO 2025-07-01 15:37:30,379 basehttp 18440 20716 "GET /api/movies/ HTTP/1.1" 200 382
INFO 2025-07-01 15:37:30,386 basehttp 18440 20716 "GET /api/movies/ HTTP/1.1" 200 382
INFO 2025-07-01 15:37:32,692 basehttp 18440 20716 "GET /api/movies/1/ HTTP/1.1" 200 199
INFO 2025-07-01 15:37:32,696 basehttp 18440 20716 "GET /api/movies/1/ HTTP/1.1" 200 199
INFO 2025-07-01 15:37:32,699 basehttp 18440 2112 "GET /api/showtimes/ HTTP/1.1" 200 628
INFO 2025-07-01 15:37:32,712 basehttp 18440 2112 "GET /api/showtimes/ HTTP/1.1" 200 628
INFO 2025-07-01 15:37:36,307 basehttp 18440 2112 "GET /api/showtimes/1/booked-seats/ HTTP/1.1" 200 23
INFO 2025-07-01 15:37:55,918 basehttp 18440 2112 "OPTIONS /api/bookings/ HTTP/1.1" 200 0
INFO 2025-07-01 15:37:55,942 basehttp 18440 2112 "POST /api/bookings/ HTTP/1.1" 201 485
INFO 2025-07-01 15:37:55,947 basehttp 18440 2112 "OPTIONS /api/payments/ HTTP/1.1" 200 0
INFO 2025-07-01 15:37:56,147 basehttp 18440 2112 "POST /api/payments/ HTTP/1.1" 201 162
INFO 2025-07-01 15:37:56,183 basehttp 18440 2112 "GET /api/bookings/ HTTP/1.1" 200 1300
INFO 2025-07-01 15:37:56,195 basehttp 18440 2112 "GET /api/bookings/ HTTP/1.1" 200 1300
WARNING 2025-07-01 15:38:17,553 base 18440 4292 Session data corrupted
INFO 2025-07-01 15:38:17,568 basehttp 18440 4292 "GET /admin/ HTTP/1.1" 302 0
WARNING 2025-07-01 15:38:17,576 base 18440 4292 Session data corrupted
INFO 2025-07-01 15:38:17,625 basehttp 18440 4292 "GET /admin/login/?next=/admin/ HTTP/1.1" 200 4181
WARNING 2025-07-01 15:38:17,740 log 18440 4292 Not Found: /favicon.ico
WARNING 2025-07-01 15:38:17,741 basehttp 18440 4292 "GET /favicon.ico HTTP/1.1" 404 2743
WARNING 2025-07-01 15:38:19,352 base 18440 4292 Session data corrupted
INFO 2025-07-01 15:38:19,689 basehttp 18440 4292 "POST /admin/login/?next=/admin/ HTTP/1.1" 302 0
INFO 2025-07-01 15:38:19,706 basehttp 18440 4292 "GET /admin/ HTTP/1.1" 200 10915
INFO 2025-07-01 15:38:19,727 basehttp 18440 4292 "GET /static/admin/img/icon-deletelink.svg HTTP/1.1" 304 0
INFO 2025-07-01 15:38:28,650 basehttp 18440 19868 "GET /admin/cinema/payment/ HTTP/1.1" 200 11338
INFO 2025-07-01 15:38:28,669 basehttp 18440 19868 "GET /admin/jsi18n/ HTTP/1.1" 200 3343
INFO 2025-07-01 15:38:28,768 basehttp 18440 14812 "GET /media/payment_proofs/Screenshot_2025-04-02_122423_2.png HTTP/1.1" 200 43012
INFO 2025-07-01 15:38:28,772 basehttp 18440 18256 "GET /media/payment_proofs/Screenshot_9.png HTTP/1.1" 200 573385
INFO 2025-07-01 15:38:38,012 basehttp 18440 18256 "GET /admin/cinema/payment/3/change/ HTTP/1.1" 200 12806
INFO 2025-07-01 15:38:38,023 basehttp 18440 21500 "GET /media/payment_proofs/Screenshot_9.png HTTP/1.1" 304 0
INFO 2025-07-01 15:38:38,023 basehttp 18440 19868 "GET /static/admin/img/icon-viewlink.svg HTTP/1.1" 304 0
INFO 2025-07-01 15:38:38,023 basehttp 18440 14812 "GET /static/admin/css/forms.css HTTP/1.1" 304 0
INFO 2025-07-01 15:38:38,029 basehttp 18440 18256 "GET /admin/jsi18n/ HTTP/1.1" 200 3343
INFO 2025-07-01 15:38:38,030 basehttp 18440 14812 "GET /static/admin/js/prepopulate_init.js HTTP/1.1" 304 0
INFO 2025-07-01 15:38:38,031 basehttp 18440 19868 "GET /static/admin/css/widgets.css HTTP/1.1" 304 0
INFO 2025-07-01 15:38:38,034 basehttp 18440 19868 "GET /static/admin/js/change_form.js HTTP/1.1" 304 0
INFO 2025-07-01 15:38:51,683 basehttp 18440 19868 "GET /admin/cinema/payment/ HTTP/1.1" 200 11338
INFO 2025-07-01 15:38:51,694 basehttp 18440 14812 "GET /media/payment_proofs/Screenshot_9.png HTTP/1.1" 304 0
INFO 2025-07-01 15:38:51,696 basehttp 18440 19868 "GET /admin/jsi18n/ HTTP/1.1" 200 3343
INFO 2025-07-01 15:39:00,993 basehttp 18440 19868 "POST /admin/cinema/payment/ HTTP/1.1" 302 0
INFO 2025-07-01 15:39:01,008 basehttp 18440 19868 "GET /admin/cinema/payment/ HTTP/1.1" 200 11338
INFO 2025-07-01 15:39:01,018 basehttp 18440 14812 "GET /media/payment_proofs/Screenshot_9.png HTTP/1.1" 304 0
INFO 2025-07-01 15:39:01,023 basehttp 18440 19868 "GET /admin/jsi18n/ HTTP/1.1" 200 3343
INFO 2025-07-01 15:39:10,768 basehttp 18440 2112 "GET /api/movies/ HTTP/1.1" 200 382
INFO 2025-07-01 15:39:10,776 basehttp 18440 2112 "GET /api/movies/ HTTP/1.1" 200 382
INFO 2025-07-01 15:39:22,686 basehttp 18440 2112 "POST /api/token/ HTTP/1.1" 200 483
INFO 2025-07-01 15:39:22,700 basehttp 18440 2112 "GET /api/movies/ HTTP/1.1" 200 382
INFO 2025-07-01 15:39:22,707 basehttp 18440 2112 "GET /api/movies/ HTTP/1.1" 200 382
INFO 2025-07-01 15:39:24,867 basehttp 18440 2112 "GET /api/bookings/ HTTP/1.1" 200 1302
INFO 2025-07-01 15:39:24,878 basehttp 18440 2112 "GET /api/bookings/ HTTP/1.1" 200 1302
INFO 2025-07-01 15:56:42,565 basehttp 18440 15552 "GET /api/movies/ HTTP/1.1" 200 382
INFO 2025-07-01 15:56:42,568 basehttp 18440 15552 "GET /api/movies/ HTTP/1.1" 200 382
INFO 2025-07-01 15:56:54,084 basehttp 18440 15552 "POST /api/token/ HTTP/1.1" 200 483
INFO 2025-07-01 15:56:54,099 basehttp 18440 15552 "GET /api/movies/ HTTP/1.1" 200 382
INFO 2025-07-01 15:56:54,114 basehttp 18440 15552 "GET /api/movies/ HTTP/1.1" 200 382
INFO 2025-07-01 15:56:56,344 basehttp 18440 15552 "GET /api/movies/2/ HTTP/1.1" 200 180
INFO 2025-07-01 15:56:56,353 basehttp 18440 15552 "GET /api/movies/2/ HTTP/1.1" 200 180
INFO 2025-07-01 15:56:56,353 basehttp 18440 14032 "GET /api/showtimes/ HTTP/1.1" 200 628
INFO 2025-07-01 15:56:56,363 basehttp 18440 14032 "GET /api/showtimes/ HTTP/1.1" 200 628
INFO 2025-07-01 15:56:59,871 basehttp 18440 14032 "GET /api/showtimes/2/booked-seats/ HTTP/1.1" 200 19
INFO 2025-07-01 15:57:16,626 basehttp 18440 14032 "POST /api/bookings/ HTTP/1.1" 201 466
INFO 2025-07-01 15:57:16,652 basehttp 18440 14032 "POST /api/payments/ HTTP/1.1" 201 170
INFO 2025-07-01 15:57:16,687 basehttp 18440 14032 "GET /api/bookings/ HTTP/1.1" 200 1935
INFO 2025-07-01 15:57:16,699 basehttp 18440 14032 "GET /api/bookings/ HTTP/1.1" 200 1935
INFO 2025-07-01 15:58:53,888 basehttp 18440 14032 "GET /api/bookings/ HTTP/1.1" 200 1935
INFO 2025-07-01 15:58:53,900 basehttp 18440 14032 "GET /api/bookings/ HTTP/1.1" 200 1935
INFO 2025-07-01 15:59:10,266 basehttp 18440 14032 "POST /api/token/ HTTP/1.1" 200 483
INFO 2025-07-01 15:59:10,286 basehttp 18440 14032 "GET /api/movies/ HTTP/1.1" 200 382
INFO 2025-07-01 15:59:10,291 basehttp 18440 14032 "GET /api/movies/ HTTP/1.1" 200 382
INFO 2025-07-01 15:59:12,256 basehttp 18440 14032 "GET /api/movies/2/ HTTP/1.1" 200 180
INFO 2025-07-01 15:59:12,260 basehttp 18440 15552 "GET /api/showtimes/ HTTP/1.1" 200 628
INFO 2025-07-01 15:59:12,261 basehttp 18440 14032 "GET /api/movies/2/ HTTP/1.1" 200 180
INFO 2025-07-01 15:59:12,269 basehttp 18440 15552 "GET /api/showtimes/ HTTP/1.1" 200 628
INFO 2025-07-01 15:59:15,639 basehttp 18440 15552 "GET /api/showtimes/2/booked-seats/ HTTP/1.1" 200 34
INFO 2025-07-01 15:59:33,890 basehttp 18440 15552 "POST /api/bookings/ HTTP/1.1" 201 466
INFO 2025-07-01 15:59:33,914 basehttp 18440 15552 "POST /api/payments/ HTTP/1.1" 201 179
INFO 2025-07-01 15:59:33,945 basehttp 18440 15552 "GET /api/bookings/ HTTP/1.1" 200 2577
INFO 2025-07-01 15:59:33,958 basehttp 18440 15552 "GET /api/bookings/ HTTP/1.1" 200 2577
INFO 2025-07-01 15:59:43,332 basehttp 18440 12172 "GET /admin/ HTTP/1.1" 200 10915
WARNING 2025-07-01 15:59:43,470 log 18440 12172 Not Found: /favicon.ico
WARNING 2025-07-01 15:59:43,470 basehttp 18440 12172 "GET /favicon.ico HTTP/1.1" 404 2743
INFO 2025-07-01 15:59:46,588 basehttp 18440 12172 "GET /admin/cinema/payment/ HTTP/1.1" 200 12594
INFO 2025-07-01 15:59:46,607 basehttp 18440 12172 "GET /admin/jsi18n/ HTTP/1.1" 200 3343
INFO 2025-07-01 15:59:46,615 basehttp 18440 7436 "GET /media/payment_proofs/Screenshot_2025-04-08_150622.png HTTP/1.1" 200 224867
INFO 2025-07-01 15:59:46,623 basehttp 18440 14552 "GET /media/payment_proofs/Screenshot_9_Zk7zHt2.png HTTP/1.1" 200 573385
INFO 2025-07-01 15:59:46,628 basehttp 18440 14552 "GET /media/payment_proofs/Screenshot_9.png HTTP/1.1" 304 0
INFO 2025-07-01 15:59:46,629 basehttp 18440 7436 "GET /media/payment_proofs/Screenshot_2025-04-02_122423_2.png HTTP/1.1" 304 0
INFO 2025-07-01 15:59:51,563 basehttp 18440 7436 "GET /admin/cinema/payment/5/change/ HTTP/1.1" 200 13068
INFO 2025-07-01 15:59:51,572 basehttp 18440 14552 "GET /media/payment_proofs/Screenshot_2025-04-08_150622.png HTTP/1.1" 304 0
INFO 2025-07-01 15:59:51,575 basehttp 18440 7436 "GET /admin/jsi18n/ HTTP/1.1" 200 3343
INFO 2025-07-01 15:59:56,996 basehttp 18440 7436 "GET /admin/cinema/booking/ HTTP/1.1" 200 13509
INFO 2025-07-01 15:59:57,008 basehttp 18440 7436 "GET /admin/jsi18n/ HTTP/1.1" 200 3343
INFO 2025-07-01 16:00:09,000 basehttp 18440 7436 "GET /admin/cinema/movie/ HTTP/1.1" 200 11973
INFO 2025-07-01 16:00:09,011 basehttp 18440 7436 "GET /admin/jsi18n/ HTTP/1.1" 200 3343
INFO 2025-07-01 16:00:13,359 basehttp 18440 7436 "GET /admin/cinema/payment/ HTTP/1.1" 200 12594
INFO 2025-07-01 16:00:13,369 basehttp 18440 14552 "GET /media/payment_proofs/Screenshot_2025-04-08_150622.png HTTP/1.1" 304 0
INFO 2025-07-01 16:00:13,369 basehttp 18440 12172 "GET /media/payment_proofs/Screenshot_9_Zk7zHt2.png HTTP/1.1" 304 0
INFO 2025-07-01 16:00:13,373 basehttp 18440 7436 "GET /admin/jsi18n/ HTTP/1.1" 200 3343
INFO 2025-07-01 16:00:23,503 basehttp 18440 7436 "POST /admin/cinema/payment/ HTTP/1.1" 302 0
INFO 2025-07-01 16:00:23,523 basehttp 18440 7436 "GET /admin/cinema/payment/ HTTP/1.1" 200 12594
INFO 2025-07-01 16:00:23,532 basehttp 18440 12172 "GET /media/payment_proofs/Screenshot_2025-04-08_150622.png HTTP/1.1" 304 0
INFO 2025-07-01 16:00:23,535 basehttp 18440 7436 "GET /admin/jsi18n/ HTTP/1.1" 200 3343
INFO 2025-07-01 16:00:30,472 basehttp 18440 15552 "GET /api/bookings/ HTTP/1.1" 200 2579
INFO 2025-07-01 16:00:30,484 basehttp 18440 15552 "GET /api/bookings/ HTTP/1.1" 200 2579
INFO 2025-07-01 16:00:33,419 basehttp 18440 15552 "GET /api/bookings/ HTTP/1.1" 200 2579
INFO 2025-07-01 16:00:33,435 basehttp 18440 15552 "GET /api/bookings/ HTTP/1.1" 200 2579
